<?xml version="1.0" encoding="UTF-8"?>
<!-- Generated by org.testng.reporters.JUnitXMLReporter -->
<testsuite ignored="0" hostname="Rohit-PC" failures="0" tests="4" name="Test" time="11.367" errors="0" timestamp="2026-09-07T16:50:31 IST">
  <testcase classname="api.test.userTest" name="testPostUser" time="4.17"/>
  <testcase classname="api.test.userTest" name="testGetUser" time="1.549"/>
  <testcase classname="api.test.userTest" name="testUpdateUser" time="3.021"/>
  <testcase classname="api.test.userTest" name="testDeleteUser" time="1.558"/>
</testsuite> <!-- Test -->
