<?xml version="1.0" encoding="UTF-8"?>
<testng-results ignored="0" total="4" passed="4" failed="0" skipped="0">
  <reporter-output>
  </reporter-output>
  <suite started-at="2026-09-07T23:56:03 IST" name="Default suite" finished-at="2026-09-07T23:56:15 IST" duration-ms="11278">
    <groups>
    </groups>
    <test started-at="2026-09-07T23:56:03 IST" name="Default test" finished-at="2026-09-07T23:56:15 IST" duration-ms="11278">
      <class name="api.test.userTest">
        <test-method is-config="true" signature="setData()[pri:0, instance:api.test.userTest@477b4cdf]" started-at="2026-09-07T23:56:03 IST" name="setData" finished-at="2026-09-07T23:56:04 IST" duration-ms="872" status="PASS">
          <reporter-output>
          </reporter-output>
        </test-method> <!-- setData -->
        <test-method signature="testPostUser()[pri:1, instance:api.test.userTest@477b4cdf]" started-at="2026-09-07T23:56:04 IST" name="testPostUser" finished-at="2026-09-07T23:56:09 IST" duration-ms="4211" status="PASS">
          <reporter-output>
          </reporter-output>
        </test-method> <!-- testPostUser -->
        <test-method signature="testGetUser()[pri:2, instance:api.test.userTest@477b4cdf]" started-at="2026-09-07T23:56:09 IST" name="testGetUser" finished-at="2026-09-07T23:56:10 IST" duration-ms="1549" status="PASS">
          <reporter-output>
          </reporter-output>
        </test-method> <!-- testGetUser -->
        <test-method signature="testUpdateUser()[pri:3, instance:api.test.userTest@477b4cdf]" started-at="2026-09-07T23:56:10 IST" name="testUpdateUser" finished-at="2026-09-07T23:56:13 IST" duration-ms="3073" status="PASS">
          <reporter-output>
          </reporter-output>
        </test-method> <!-- testUpdateUser -->
        <test-method signature="testDeleteUser()[pri:4, instance:api.test.userTest@477b4cdf]" started-at="2026-09-07T23:56:13 IST" name="testDeleteUser" finished-at="2026-09-07T23:56:15 IST" duration-ms="1497" status="PASS">
          <reporter-output>
          </reporter-output>
        </test-method> <!-- testDeleteUser -->
      </class> <!-- api.test.userTest -->
    </test> <!-- Default test -->
  </suite> <!-- Default suite -->
</testng-results>
