<?xml version="1.0" encoding="UTF-8"?>
<!-- Generated by org.testng.reporters.JUnitReportReporter -->
<testsuite hostname="Rohit-PC" failures="0" tests="8" name="api.test.DDtest" time="12.026" errors="0" timestamp="2026-09-07T14:28:19 IST" skipped="0">
  <testcase classname="api.test.DDtest" name="testPostUser" time="1.497"/>
  <testcase classname="api.test.DDtest" name="testDeleteUser" time="1.520"/>
  <testcase classname="api.test.DDtest" name="testPostUser" time="1.554"/>
  <testcase classname="api.test.DDtest" name="testDeleteUser" time="1.524"/>
  <testcase classname="api.test.DDtest" name="testPostUser" time="1.501"/>
  <testcase classname="api.test.DDtest" name="testDeleteUser" time="1.482"/>
  <testcase classname="api.test.DDtest" name="testPostUser" time="1.497"/>
  <testcase classname="api.test.DDtest" name="testDeleteUser" time="1.451"/>
</testsuite> <!-- api.test.DDtest -->
