<?xml version="1.0" encoding="UTF-8"?>
<!-- Generated by org.testng.reporters.JUnitReportReporter -->
<testsuite hostname="Rohit-PC" failures="0" tests="4" name="api.test.userTest" time="10.330" errors="0" timestamp="2026-09-07T23:56:15 IST" skipped="0">
  <testcase classname="api.test.userTest" name="testPostUser" time="4.211"/>
  <testcase classname="api.test.userTest" name="testGetUser" time="1.549"/>
  <testcase classname="api.test.userTest" name="testUpdateUser" time="3.073"/>
  <testcase classname="api.test.userTest" name="testDeleteUser" time="1.497"/>
</testsuite> <!-- api.test.userTest -->
